<?xml version="1.0" encoding="UTF-8"?>
<!-- Generated by org.testng.reporters.JUnitXMLReporter -->
<testsuite hostname="onebill-Latitude-3440" ignored="0" name="Test" tests="2" failures="1" timestamp="26 Jul 2021 12:32:17 GMT" time="95.231" errors="0">
  <testcase name="testCase01" time="16.281" classname="testscripts.TC_01Test"/>
  <testcase name="Scenario_02" time="16.261" classname="testscripts.TC_02Test">
    <failure type="java.lang.AssertionError" message="expected [Recently Viewed | Leads | Salesforce] but found [New Lead | Salesforce]">
      <![CDATA[java.lang.AssertionError: expected [Recently Viewed | Leads | Salesforce] but found [New Lead | Salesforce]
at testscripts.TC_02Test.Scenario_02(TC_02Test.java:24)
... Removed 31 stack frames]]>
    </failure>
  </testcase> <!-- Scenario_02 -->
</testsuite> <!-- Test -->
